<?xml version="1.0" encoding="UTF-8"?>
<!-- Generated by org.testng.reporters.JUnitReportReporter -->
<testsuite skipped="0" hostname="LAPTOP-QT5884T7" name="TestScripts.LoginPageTest" tests="1" failures="1" timestamp="2019-11-17T14:20:24 IST" time="43.382" errors="0">
  <testcase name="loginPage" time="43.382" classname="TestScripts.LoginPageTest">
    <failure type="com.applitools.eyes.exceptions.DiffsFoundException" message="Test &#039;loginPage&#039; of &#039;Hacka V1 application&#039; detected differences! See details at: https://eyes.applitools.com/app/batches/00000251828320197836/00000251828320197664?accountId=p8Z0pjqbDke54B7_7ErUOw~~">
      <![CDATA[com.applitools.eyes.exceptions.DiffsFoundException: Test 'loginPage' of 'Hacka V1 application' detected differences! See details at: https://eyes.applitools.com/app/batches/00000251828320197836/00000251828320197664?accountId=p8Z0pjqbDke54B7_7ErUOw~~
at com.applitools.eyes.EyesBase.logSessionResultsAndThrowException(EyesBase.java:524)
at com.applitools.eyes.EyesBase.close(EyesBase.java:497)
at com.applitools.eyes.selenium.SeleniumEyes.close(SeleniumEyes.java:2021)
at com.applitools.eyes.selenium.Eyes.close(Eyes.java:509)
at com.applitools.eyes.selenium.Eyes.close(Eyes.java:149)
at Generic.BaseTest.validateWindow(BaseTest.java:62)
at TestScripts.LoginPageTest.loginPage(LoginPageTest.java:15)
at sun.reflect.NativeMethodAccessorImpl.invoke0(Native Method)
at sun.reflect.NativeMethodAccessorImpl.invoke(Unknown Source)
at sun.reflect.DelegatingMethodAccessorImpl.invoke(Unknown Source)
at java.lang.reflect.Method.invoke(Unknown Source)
at org.testng.internal.MethodInvocationHelper.invokeMethod(MethodInvocationHelper.java:133)
at org.testng.internal.TestInvoker.invokeMethod(TestInvoker.java:584)
at org.testng.internal.TestInvoker.invokeTestMethod(TestInvoker.java:172)
at org.testng.internal.MethodRunner.runInSequence(MethodRunner.java:46)
at org.testng.internal.TestInvoker$MethodInvocationAgent.invoke(TestInvoker.java:804)
at org.testng.internal.TestInvoker.invokeTestMethods(TestInvoker.java:145)
at org.testng.internal.TestMethodWorker.invokeTestMethods(TestMethodWorker.java:146)
at org.testng.internal.TestMethodWorker.run(TestMethodWorker.java:128)
at java.util.ArrayList.forEach(Unknown Source)
at org.testng.TestRunner.privateRun(TestRunner.java:770)
at org.testng.TestRunner.run(TestRunner.java:591)
at org.testng.SuiteRunner.runTest(SuiteRunner.java:402)
at org.testng.SuiteRunner.runSequentially(SuiteRunner.java:396)
at org.testng.SuiteRunner.privateRun(SuiteRunner.java:355)
at org.testng.SuiteRunner.run(SuiteRunner.java:304)
at org.testng.SuiteRunnerWorker.runSuite(SuiteRunnerWorker.java:53)
at org.testng.SuiteRunnerWorker.run(SuiteRunnerWorker.java:96)
at org.testng.TestNG.runSuitesSequentially(TestNG.java:1180)
at org.testng.TestNG.runSuitesLocally(TestNG.java:1102)
at org.testng.TestNG.runSuites(TestNG.java:1032)
at org.testng.TestNG.run(TestNG.java:1000)
at org.testng.remote.AbstractRemoteTestNG.run(AbstractRemoteTestNG.java:115)
at org.testng.remote.RemoteTestNG.initAndRun(RemoteTestNG.java:251)
at org.testng.remote.RemoteTestNG.main(RemoteTestNG.java:77)
]]>
    </failure>
  </testcase> <!-- loginPage -->
</testsuite> <!-- TestScripts.LoginPageTest -->
